<?xml version="1.0" encoding="UTF-8"?>
<!-- Generated by org.testng.reporters.JUnitReportReporter -->
<testsuite hostname="DESKTOP-GSOLF5L" failures="0" tests="1" name="TDDTests" time="0.000" errors="0" timestamp="2022-04-22T11:00:28 EEST" skipped="1">
  <testcase classname="TDDTests" name="checkEnterInvalidDateFromXlsx" time="0.000">
    <skipped/>
  </testcase> <!-- checkEnterInvalidDateFromXlsx -->
  <system-out/>
</testsuite> <!-- TDDTests -->
