<?xml version="1.0" encoding="UTF-8"?>
<!-- Generated by org.testng.reporters.JUnitReportReporter -->
<testsuite hostname="DESKTOP-GSOLF5L" failures="0" tests="4" name="HomePageTests" time="207.898" errors="0" timestamp="2022-04-22T11:00:28 EEST" skipped="0">
  <testcase classname="HomePageTests" name="checkSearching" time="53.626"/>
  <system-out/>
  <testcase classname="HomePageTests" name="checkEnterInvalidDate" time="28.342"/>
  <system-out/>
  <testcase classname="HomePageTests" name="checkEnterInvalidDate" time="23.903"/>
  <system-out/>
  <testcase classname="HomePageTests" name="checkEnterInvalidDate" time="102.027"/>
  <system-out/>
</testsuite> <!-- HomePageTests -->
